== Verificando o status do Nginx ==
Nginx está ativo.

== Status Detalhado do Nginx ==
● nginx.service - A high performance web server and a reverse proxy server
     Loaded: loaded (/usr/lib/systemd/system/nginx.service; enabled; preset: enabled)
     Active: active (running) since Thu 2024-12-19 00:12:38 -03; 7min ago
       Docs: man:nginx(8)
    Process: 8538 ExecStartPre=/usr/sbin/nginx -t -q -g daemon on; master_process on; (code=exited, status=0/SUCCESS)
    Process: 8539 ExecStart=/usr/sbin/nginx -g daemon on; master_process on; (code=exited, status=0/SUCCESS)
   Main PID: 8541 (nginx)
      Tasks: 9 (limit: 4563)
     Memory: 6.5M ()
     CGroup: /system.slice/nginx.service
             ├─8541 "nginx: master process /usr/sbin/nginx -g daemon on; master_process on;"
             ├─8542 "nginx: worker process"
             ├─8543 "nginx: worker process"
             ├─8545 "nginx: worker process"
             ├─8546 "nginx: worker process"
             ├─8547 "nginx: worker process"
             ├─8548 "nginx: worker process"
             ├─8549 "nginx: worker process"
             └─8550 "nginx: worker process"

Dec 19 00:12:38 Mano systemd[1]: Starting nginx.service - A high performance web server and a reverse proxy server...
Dec 19 00:12:38 Mano systemd[1]: Started nginx.service - A high performance web server and a reverse proxy server.

== Métricas de Conexão do Nginx ==
Active connections: 1 
server accepts handled requests
 3 3 3 
Reading: 0 Writing: 1 Waiting: 0 

== Fim do Script ==
== Verificando o status do Nginx ==
Nginx está ativo.

== Status Detalhado do Nginx ==
● nginx.service - A high performance web server and a reverse proxy server
     Loaded: loaded (/usr/lib/systemd/system/nginx.service; enabled; preset: enabled)
     Active: active (running) since Thu 2024-12-19 00:20:07 -03; 4min 54s ago
       Docs: man:nginx(8)
    Process: 8602 ExecStartPre=/usr/sbin/nginx -t -q -g daemon on; master_process on; (code=exited, status=0/SUCCESS)
    Process: 8603 ExecStart=/usr/sbin/nginx -g daemon on; master_process on; (code=exited, status=0/SUCCESS)
   Main PID: 8605 (nginx)
      Tasks: 9 (limit: 4563)
     Memory: 6.3M ()
     CGroup: /system.slice/nginx.service
             ├─8605 "nginx: master process /usr/sbin/nginx -g daemon on; master_process on;"
             ├─8606 "nginx: worker process"
             ├─8607 "nginx: worker process"
             ├─8608 "nginx: worker process"
             ├─8609 "nginx: worker process"
             ├─8610 "nginx: worker process"
             ├─8611 "nginx: worker process"
             ├─8612 "nginx: worker process"
             └─8613 "nginx: worker process"

Dec 19 00:20:07 Mano systemd[1]: Starting nginx.service - A high performance web server and a reverse proxy server...
Dec 19 00:20:07 Mano systemd[1]: Started nginx.service - A high performance web server and a reverse proxy server.

== Métricas de Conexão do Nginx ==
Active connections: 1 
server accepts handled requests
 1 1 1 
Reading: 0 Writing: 1 Waiting: 0 

== Fim do Script ==
== Verificando o status do Nginx ==
Nginx está ativo.

== Status Detalhado do Nginx ==
● nginx.service - A high performance web server and a reverse proxy server
     Loaded: loaded (/usr/lib/systemd/system/nginx.service; enabled; preset: enabled)
     Active: active (running) since Thu 2024-12-19 00:20:07 -03; 55min ago
       Docs: man:nginx(8)
    Process: 8602 ExecStartPre=/usr/sbin/nginx -t -q -g daemon on; master_process on; (code=exited, status=0/SUCCESS)
    Process: 8603 ExecStart=/usr/sbin/nginx -g daemon on; master_process on; (code=exited, status=0/SUCCESS)
   Main PID: 8605 (nginx)
      Tasks: 9 (limit: 4563)
     Memory: 6.3M ()
     CGroup: /system.slice/nginx.service
             ├─8605 "nginx: master process /usr/sbin/nginx -g daemon on; master_process on;"
             ├─8606 "nginx: worker process"
             ├─8607 "nginx: worker process"
             ├─8608 "nginx: worker process"
             ├─8609 "nginx: worker process"
             ├─8610 "nginx: worker process"
             ├─8611 "nginx: worker process"
             ├─8612 "nginx: worker process"
             └─8613 "nginx: worker process"

Dec 19 00:20:07 Mano systemd[1]: Starting nginx.service - A high performance web server and a reverse proxy server...
Dec 19 00:20:07 Mano systemd[1]: Started nginx.service - A high performance web server and a reverse proxy server.

== Métricas de Conexão do Nginx ==
Active connections: 1 
server accepts handled requests
 2 2 2 
Reading: 0 Writing: 1 Waiting: 0 

== Fim do Script ==
== Verificando o status do Nginx ==
Nginx está ativo.

== Status Detalhado do Nginx ==
● nginx.service - A high performance web server and a reverse proxy server
     Loaded: loaded (/usr/lib/systemd/system/nginx.service; enabled; preset: enabled)
     Active: active (running) since Thu 2024-12-19 00:20:07 -03; 18h ago
       Docs: man:nginx(8)
    Process: 8602 ExecStartPre=/usr/sbin/nginx -t -q -g daemon on; master_process on; (code=exited, status=0/SUCCESS)
    Process: 8603 ExecStart=/usr/sbin/nginx -g daemon on; master_process on; (code=exited, status=0/SUCCESS)
   Main PID: 8605 (nginx)
      Tasks: 9 (limit: 4563)
     Memory: 6.3M ()
     CGroup: /system.slice/nginx.service
             ├─8605 "nginx: master process /usr/sbin/nginx -g daemon on; master_process on;"
             ├─8606 "nginx: worker process"
             ├─8607 "nginx: worker process"
             ├─8608 "nginx: worker process"
             ├─8609 "nginx: worker process"
             ├─8610 "nginx: worker process"
             ├─8611 "nginx: worker process"
             ├─8612 "nginx: worker process"
             └─8613 "nginx: worker process"

Dec 19 00:20:07 Mano systemd[1]: Starting nginx.service - A high performance web server and a reverse proxy server...
Dec 19 00:20:07 Mano systemd[1]: Started nginx.service - A high performance web server and a reverse proxy server.

== Métricas de Conexão do Nginx ==
Active connections: 1 
server accepts handled requests
 3 3 3 
Reading: 0 Writing: 1 Waiting: 0 

== Fim do Script ==
== Verificando o status do Nginx ==
Nginx está ativo.

== Status Detalhado do Nginx ==
● nginx.service - A high performance web server and a reverse proxy server
     Loaded: loaded (/usr/lib/systemd/system/nginx.service; enabled; preset: enabled)
     Active: active (running) since Thu 2024-12-19 00:20:07 -03; 18h ago
       Docs: man:nginx(8)
    Process: 8602 ExecStartPre=/usr/sbin/nginx -t -q -g daemon on; master_process on; (code=exited, status=0/SUCCESS)
    Process: 8603 ExecStart=/usr/sbin/nginx -g daemon on; master_process on; (code=exited, status=0/SUCCESS)
   Main PID: 8605 (nginx)
      Tasks: 9 (limit: 4563)
     Memory: 6.3M ()
     CGroup: /system.slice/nginx.service
             ├─8605 "nginx: master process /usr/sbin/nginx -g daemon on; master_process on;"
             ├─8606 "nginx: worker process"
             ├─8607 "nginx: worker process"
             ├─8608 "nginx: worker process"
             ├─8609 "nginx: worker process"
             ├─8610 "nginx: worker process"
             ├─8611 "nginx: worker process"
             ├─8612 "nginx: worker process"
             └─8613 "nginx: worker process"

Dec 19 00:20:07 Mano systemd[1]: Starting nginx.service - A high performance web server and a reverse proxy server...
Dec 19 00:20:07 Mano systemd[1]: Started nginx.service - A high performance web server and a reverse proxy server.

== Métricas de Conexão do Nginx ==
Active connections: 1 
server accepts handled requests
 4 4 4 
Reading: 0 Writing: 1 Waiting: 0 

== Fim do Script ==
== Verificando o status do Nginx ==
Nginx está ativo.

== Status Detalhado do Nginx ==
● nginx.service - A high performance web server and a reverse proxy server
     Loaded: loaded (/usr/lib/systemd/system/nginx.service; enabled; preset: enabled)
     Active: active (running) since Thu 2024-12-19 00:20:07 -03; 18h ago
       Docs: man:nginx(8)
    Process: 8602 ExecStartPre=/usr/sbin/nginx -t -q -g daemon on; master_process on; (code=exited, status=0/SUCCESS)
    Process: 8603 ExecStart=/usr/sbin/nginx -g daemon on; master_process on; (code=exited, status=0/SUCCESS)
   Main PID: 8605 (nginx)
      Tasks: 9 (limit: 4563)
     Memory: 6.3M ()
     CGroup: /system.slice/nginx.service
             ├─8605 "nginx: master process /usr/sbin/nginx -g daemon on; master_process on;"
             ├─8606 "nginx: worker process"
             ├─8607 "nginx: worker process"
             ├─8608 "nginx: worker process"
             ├─8609 "nginx: worker process"
             ├─8610 "nginx: worker process"
             ├─8611 "nginx: worker process"
             ├─8612 "nginx: worker process"
             └─8613 "nginx: worker process"

Dec 19 00:20:07 Mano systemd[1]: Starting nginx.service - A high performance web server and a reverse proxy server...
Dec 19 00:20:07 Mano systemd[1]: Started nginx.service - A high performance web server and a reverse proxy server.

== Métricas de Conexão do Nginx ==
Active connections: 1 
server accepts handled requests
 5 5 5 
Reading: 0 Writing: 1 Waiting: 0 

== Fim do Script ==
== Verificando o status do Nginx ==
Nginx está ativo.

== Status Detalhado do Nginx ==
● nginx.service - A high performance web server and a reverse proxy server
     Loaded: loaded (/usr/lib/systemd/system/nginx.service; enabled; preset: enabled)
     Active: active (running) since Thu 2024-12-19 00:20:07 -03; 18h ago
       Docs: man:nginx(8)
    Process: 8602 ExecStartPre=/usr/sbin/nginx -t -q -g daemon on; master_process on; (code=exited, status=0/SUCCESS)
    Process: 8603 ExecStart=/usr/sbin/nginx -g daemon on; master_process on; (code=exited, status=0/SUCCESS)
   Main PID: 8605 (nginx)
      Tasks: 9 (limit: 4563)
     Memory: 6.3M ()
     CGroup: /system.slice/nginx.service
             ├─8605 "nginx: master process /usr/sbin/nginx -g daemon on; master_process on;"
             ├─8606 "nginx: worker process"
             ├─8607 "nginx: worker process"
             ├─8608 "nginx: worker process"
             ├─8609 "nginx: worker process"
             ├─8610 "nginx: worker process"
             ├─8611 "nginx: worker process"
             ├─8612 "nginx: worker process"
             └─8613 "nginx: worker process"

Dec 19 00:20:07 Mano systemd[1]: Starting nginx.service - A high performance web server and a reverse proxy server...
Dec 19 00:20:07 Mano systemd[1]: Started nginx.service - A high performance web server and a reverse proxy server.

== Métricas de Conexão do Nginx ==
Active connections: 1 
server accepts handled requests
 6 6 6 
Reading: 0 Writing: 1 Waiting: 0 

== Fim do Script ==
== Verificando o status do Nginx ==
Nginx está ativo.

== Status Detalhado do Nginx ==
● nginx.service - A high performance web server and a reverse proxy server
     Loaded: loaded (/usr/lib/systemd/system/nginx.service; enabled; preset: enabled)
     Active: active (running) since Thu 2024-12-19 00:20:07 -03; 18h ago
       Docs: man:nginx(8)
    Process: 8602 ExecStartPre=/usr/sbin/nginx -t -q -g daemon on; master_process on; (code=exited, status=0/SUCCESS)
    Process: 8603 ExecStart=/usr/sbin/nginx -g daemon on; master_process on; (code=exited, status=0/SUCCESS)
   Main PID: 8605 (nginx)
      Tasks: 9 (limit: 4563)
     Memory: 6.3M ()
     CGroup: /system.slice/nginx.service
             ├─8605 "nginx: master process /usr/sbin/nginx -g daemon on; master_process on;"
             ├─8606 "nginx: worker process"
             ├─8607 "nginx: worker process"
             ├─8608 "nginx: worker process"
             ├─8609 "nginx: worker process"
             ├─8610 "nginx: worker process"
             ├─8611 "nginx: worker process"
             ├─8612 "nginx: worker process"
             └─8613 "nginx: worker process"

Dec 19 00:20:07 Mano systemd[1]: Starting nginx.service - A high performance web server and a reverse proxy server...
Dec 19 00:20:07 Mano systemd[1]: Started nginx.service - A high performance web server and a reverse proxy server.

== Métricas de Conexão do Nginx ==
Active connections: 1 
server accepts handled requests
 7 7 7 
Reading: 0 Writing: 1 Waiting: 0 

== Fim do Script ==
== Verificando o status do Nginx ==
Nginx está ativo.

== Status Detalhado do Nginx ==
● nginx.service - A high performance web server and a reverse proxy server
     Loaded: loaded (/usr/lib/systemd/system/nginx.service; enabled; preset: enabled)
     Active: active (running) since Thu 2024-12-19 00:20:07 -03; 18h ago
       Docs: man:nginx(8)
    Process: 8602 ExecStartPre=/usr/sbin/nginx -t -q -g daemon on; master_process on; (code=exited, status=0/SUCCESS)
    Process: 8603 ExecStart=/usr/sbin/nginx -g daemon on; master_process on; (code=exited, status=0/SUCCESS)
   Main PID: 8605 (nginx)
      Tasks: 9 (limit: 4563)
     Memory: 6.3M ()
     CGroup: /system.slice/nginx.service
             ├─8605 "nginx: master process /usr/sbin/nginx -g daemon on; master_process on;"
             ├─8606 "nginx: worker process"
             ├─8607 "nginx: worker process"
             ├─8608 "nginx: worker process"
             ├─8609 "nginx: worker process"
             ├─8610 "nginx: worker process"
             ├─8611 "nginx: worker process"
             ├─8612 "nginx: worker process"
             └─8613 "nginx: worker process"

Dec 19 00:20:07 Mano systemd[1]: Starting nginx.service - A high performance web server and a reverse proxy server...
Dec 19 00:20:07 Mano systemd[1]: Started nginx.service - A high performance web server and a reverse proxy server.

== Métricas de Conexão do Nginx ==
Active connections: 1 
server accepts handled requests
 8 8 8 
Reading: 0 Writing: 1 Waiting: 0 

== Fim do Script ==
== Verificando o status do Nginx ==
Nginx está ativo.

== Status Detalhado do Nginx ==
● nginx.service - A high performance web server and a reverse proxy server
     Loaded: loaded (/usr/lib/systemd/system/nginx.service; enabled; preset: enabled)
     Active: active (running) since Thu 2024-12-19 00:20:07 -03; 19h ago
       Docs: man:nginx(8)
    Process: 8602 ExecStartPre=/usr/sbin/nginx -t -q -g daemon on; master_process on; (code=exited, status=0/SUCCESS)
    Process: 8603 ExecStart=/usr/sbin/nginx -g daemon on; master_process on; (code=exited, status=0/SUCCESS)
   Main PID: 8605 (nginx)
      Tasks: 9 (limit: 4563)
     Memory: 6.4M ()
     CGroup: /system.slice/nginx.service
             ├─8605 "nginx: master process /usr/sbin/nginx -g daemon on; master_process on;"
             ├─8606 "nginx: worker process"
             ├─8607 "nginx: worker process"
             ├─8608 "nginx: worker process"
             ├─8609 "nginx: worker process"
             ├─8610 "nginx: worker process"
             ├─8611 "nginx: worker process"
             ├─8612 "nginx: worker process"
             └─8613 "nginx: worker process"

Dec 19 00:20:07 Mano systemd[1]: Starting nginx.service - A high performance web server and a reverse proxy server...
Dec 19 00:20:07 Mano systemd[1]: Started nginx.service - A high performance web server and a reverse proxy server.

== Métricas de Conexão do Nginx ==
Active connections: 1 
server accepts handled requests
 9 9 9 
Reading: 0 Writing: 1 Waiting: 0 

== Fim do Script ==
== Verificando o status do Nginx ==
Nginx está ativo.

== Status Detalhado do Nginx ==
● nginx.service - A high performance web server and a reverse proxy server
     Loaded: loaded (/usr/lib/systemd/system/nginx.service; enabled; preset: enabled)
     Active: active (running) since Thu 2024-12-19 00:20:07 -03; 19h ago
       Docs: man:nginx(8)
    Process: 8602 ExecStartPre=/usr/sbin/nginx -t -q -g daemon on; master_process on; (code=exited, status=0/SUCCESS)
    Process: 8603 ExecStart=/usr/sbin/nginx -g daemon on; master_process on; (code=exited, status=0/SUCCESS)
   Main PID: 8605 (nginx)
      Tasks: 9 (limit: 4563)
     Memory: 6.4M ()
     CGroup: /system.slice/nginx.service
             ├─8605 "nginx: master process /usr/sbin/nginx -g daemon on; master_process on;"
             ├─8606 "nginx: worker process"
             ├─8607 "nginx: worker process"
             ├─8608 "nginx: worker process"
             ├─8609 "nginx: worker process"
             ├─8610 "nginx: worker process"
             ├─8611 "nginx: worker process"
             ├─8612 "nginx: worker process"
             └─8613 "nginx: worker process"

Dec 19 00:20:07 Mano systemd[1]: Starting nginx.service - A high performance web server and a reverse proxy server...
Dec 19 00:20:07 Mano systemd[1]: Started nginx.service - A high performance web server and a reverse proxy server.

== Métricas de Conexão do Nginx ==
Active connections: 1 
server accepts handled requests
 12 12 12 
Reading: 0 Writing: 1 Waiting: 0 

== Fim do Script ==
== Verificando o status do Nginx ==
Nginx está ativo.

== Status Detalhado do Nginx ==
● nginx.service - A high performance web server and a reverse proxy server
     Loaded: loaded (/usr/lib/systemd/system/nginx.service; enabled; preset: enabled)
     Active: active (running) since Thu 2024-12-19 00:20:07 -03; 19h ago
       Docs: man:nginx(8)
    Process: 8602 ExecStartPre=/usr/sbin/nginx -t -q -g daemon on; master_process on; (code=exited, status=0/SUCCESS)
    Process: 8603 ExecStart=/usr/sbin/nginx -g daemon on; master_process on; (code=exited, status=0/SUCCESS)
   Main PID: 8605 (nginx)
      Tasks: 9 (limit: 4563)
     Memory: 6.4M ()
     CGroup: /system.slice/nginx.service
             ├─8605 "nginx: master process /usr/sbin/nginx -g daemon on; master_process on;"
             ├─8606 "nginx: worker process"
             ├─8607 "nginx: worker process"
             ├─8608 "nginx: worker process"
             ├─8609 "nginx: worker process"
             ├─8610 "nginx: worker process"
             ├─8611 "nginx: worker process"
             ├─8612 "nginx: worker process"
             └─8613 "nginx: worker process"

Dec 19 00:20:07 Mano systemd[1]: Starting nginx.service - A high performance web server and a reverse proxy server...
Dec 19 00:20:07 Mano systemd[1]: Started nginx.service - A high performance web server and a reverse proxy server.

== Métricas de Conexão do Nginx ==
Active connections: 1 
server accepts handled requests
 14 14 14 
Reading: 0 Writing: 1 Waiting: 0 

== Fim do Script ==
== Verificando o status do Nginx ==
Nginx está ativo.

== Status Detalhado do Nginx ==
● nginx.service - A high performance web server and a reverse proxy server
     Loaded: loaded (/usr/lib/systemd/system/nginx.service; enabled; preset: enabled)
     Active: active (running) since Thu 2024-12-19 00:20:07 -03; 19h ago
       Docs: man:nginx(8)
    Process: 8602 ExecStartPre=/usr/sbin/nginx -t -q -g daemon on; master_process on; (code=exited, status=0/SUCCESS)
    Process: 8603 ExecStart=/usr/sbin/nginx -g daemon on; master_process on; (code=exited, status=0/SUCCESS)
   Main PID: 8605 (nginx)
      Tasks: 9 (limit: 4563)
     Memory: 6.4M ()
     CGroup: /system.slice/nginx.service
             ├─8605 "nginx: master process /usr/sbin/nginx -g daemon on; master_process on;"
             ├─8606 "nginx: worker process"
             ├─8607 "nginx: worker process"
             ├─8608 "nginx: worker process"
             ├─8609 "nginx: worker process"
             ├─8610 "nginx: worker process"
             ├─8611 "nginx: worker process"
             ├─8612 "nginx: worker process"
             └─8613 "nginx: worker process"

Dec 19 00:20:07 Mano systemd[1]: Starting nginx.service - A high performance web server and a reverse proxy server...
Dec 19 00:20:07 Mano systemd[1]: Started nginx.service - A high performance web server and a reverse proxy server.

== Métricas de Conexão do Nginx ==
Active connections: 1 
server accepts handled requests
 16 16 16 
Reading: 0 Writing: 1 Waiting: 0 

== Fim do Script ==
== Verificando o status do Nginx ==
Nginx está ativo.

== Status Detalhado do Nginx ==
● nginx.service - A high performance web server and a reverse proxy server
     Loaded: loaded (/usr/lib/systemd/system/nginx.service; enabled; preset: enabled)
     Active: active (running) since Thu 2024-12-19 00:20:07 -03; 19h ago
       Docs: man:nginx(8)
    Process: 8602 ExecStartPre=/usr/sbin/nginx -t -q -g daemon on; master_process on; (code=exited, status=0/SUCCESS)
    Process: 8603 ExecStart=/usr/sbin/nginx -g daemon on; master_process on; (code=exited, status=0/SUCCESS)
   Main PID: 8605 (nginx)
      Tasks: 9 (limit: 4563)
     Memory: 6.4M ()
     CGroup: /system.slice/nginx.service
             ├─8605 "nginx: master process /usr/sbin/nginx -g daemon on; master_process on;"
             ├─8606 "nginx: worker process"
             ├─8607 "nginx: worker process"
             ├─8608 "nginx: worker process"
             ├─8609 "nginx: worker process"
             ├─8610 "nginx: worker process"
             ├─8611 "nginx: worker process"
             ├─8612 "nginx: worker process"
             └─8613 "nginx: worker process"

Dec 19 00:20:07 Mano systemd[1]: Starting nginx.service - A high performance web server and a reverse proxy server...
Dec 19 00:20:07 Mano systemd[1]: Started nginx.service - A high performance web server and a reverse proxy server.

== Métricas de Conexão do Nginx ==
Active connections: 1 
server accepts handled requests
 17 17 17 
Reading: 0 Writing: 1 Waiting: 0 

== Fim do Script ==
== Verificando o status do Nginx ==
Nginx está ativo.

== Status Detalhado do Nginx ==
● nginx.service - A high performance web server and a reverse proxy server
     Loaded: loaded (/usr/lib/systemd/system/nginx.service; enabled; preset: enabled)
     Active: active (running) since Thu 2024-12-19 00:20:07 -03; 19h ago
       Docs: man:nginx(8)
    Process: 8602 ExecStartPre=/usr/sbin/nginx -t -q -g daemon on; master_process on; (code=exited, status=0/SUCCESS)
    Process: 8603 ExecStart=/usr/sbin/nginx -g daemon on; master_process on; (code=exited, status=0/SUCCESS)
   Main PID: 8605 (nginx)
      Tasks: 9 (limit: 4563)
     Memory: 6.4M ()
     CGroup: /system.slice/nginx.service
             ├─8605 "nginx: master process /usr/sbin/nginx -g daemon on; master_process on;"
             ├─8606 "nginx: worker process"
             ├─8607 "nginx: worker process"
             ├─8608 "nginx: worker process"
             ├─8609 "nginx: worker process"
             ├─8610 "nginx: worker process"
             ├─8611 "nginx: worker process"
             ├─8612 "nginx: worker process"
             └─8613 "nginx: worker process"

Dec 19 00:20:07 Mano systemd[1]: Starting nginx.service - A high performance web server and a reverse proxy server...
Dec 19 00:20:07 Mano systemd[1]: Started nginx.service - A high performance web server and a reverse proxy server.

== Métricas de Conexão do Nginx ==
Active connections: 1 
server accepts handled requests
 18 18 18 
Reading: 0 Writing: 1 Waiting: 0 

== Fim do Script ==
== Verificando o status do Nginx ==
Nginx está ativo.

== Status Detalhado do Nginx ==
● nginx.service - A high performance web server and a reverse proxy server
     Loaded: loaded (/usr/lib/systemd/system/nginx.service; enabled; preset: enabled)
     Active: active (running) since Thu 2024-12-19 00:20:07 -03; 19h ago
       Docs: man:nginx(8)
    Process: 8602 ExecStartPre=/usr/sbin/nginx -t -q -g daemon on; master_process on; (code=exited, status=0/SUCCESS)
    Process: 8603 ExecStart=/usr/sbin/nginx -g daemon on; master_process on; (code=exited, status=0/SUCCESS)
   Main PID: 8605 (nginx)
      Tasks: 9 (limit: 4563)
     Memory: 6.4M ()
     CGroup: /system.slice/nginx.service
             ├─8605 "nginx: master process /usr/sbin/nginx -g daemon on; master_process on;"
             ├─8606 "nginx: worker process"
             ├─8607 "nginx: worker process"
             ├─8608 "nginx: worker process"
             ├─8609 "nginx: worker process"
             ├─8610 "nginx: worker process"
             ├─8611 "nginx: worker process"
             ├─8612 "nginx: worker process"
             └─8613 "nginx: worker process"

Dec 19 00:20:07 Mano systemd[1]: Starting nginx.service - A high performance web server and a reverse proxy server...
Dec 19 00:20:07 Mano systemd[1]: Started nginx.service - A high performance web server and a reverse proxy server.

== Métricas de Conexão do Nginx ==
Active connections: 1 
server accepts handled requests
 19 19 19 
Reading: 0 Writing: 1 Waiting: 0 

== Fim do Script ==
== Verificando o status do Nginx ==
Nginx está ativo.

== Status Detalhado do Nginx ==
● nginx.service - A high performance web server and a reverse proxy server
     Loaded: loaded (/usr/lib/systemd/system/nginx.service; enabled; preset: enabled)
     Active: active (running) since Thu 2024-12-19 00:20:07 -03; 19h ago
       Docs: man:nginx(8)
    Process: 8602 ExecStartPre=/usr/sbin/nginx -t -q -g daemon on; master_process on; (code=exited, status=0/SUCCESS)
    Process: 8603 ExecStart=/usr/sbin/nginx -g daemon on; master_process on; (code=exited, status=0/SUCCESS)
   Main PID: 8605 (nginx)
      Tasks: 9 (limit: 4563)
     Memory: 6.4M ()
     CGroup: /system.slice/nginx.service
             ├─8605 "nginx: master process /usr/sbin/nginx -g daemon on; master_process on;"
             ├─8606 "nginx: worker process"
             ├─8607 "nginx: worker process"
             ├─8608 "nginx: worker process"
             ├─8609 "nginx: worker process"
             ├─8610 "nginx: worker process"
             ├─8611 "nginx: worker process"
             ├─8612 "nginx: worker process"
             └─8613 "nginx: worker process"

Dec 19 00:20:07 Mano systemd[1]: Starting nginx.service - A high performance web server and a reverse proxy server...
Dec 19 00:20:07 Mano systemd[1]: Started nginx.service - A high performance web server and a reverse proxy server.

== Métricas de Conexão do Nginx ==
Active connections: 1 
server accepts handled requests
 20 20 20 
Reading: 0 Writing: 1 Waiting: 0 

== Fim do Script ==
== Verificando o status do Nginx ==
Nginx está ativo.

== Status Detalhado do Nginx ==
● nginx.service - A high performance web server and a reverse proxy server
     Loaded: loaded (/usr/lib/systemd/system/nginx.service; enabled; preset: enabled)
     Active: active (running) since Thu 2024-12-19 00:20:07 -03; 19h ago
       Docs: man:nginx(8)
    Process: 8602 ExecStartPre=/usr/sbin/nginx -t -q -g daemon on; master_process on; (code=exited, status=0/SUCCESS)
    Process: 8603 ExecStart=/usr/sbin/nginx -g daemon on; master_process on; (code=exited, status=0/SUCCESS)
   Main PID: 8605 (nginx)
      Tasks: 9 (limit: 4563)
     Memory: 6.4M ()
     CGroup: /system.slice/nginx.service
             ├─8605 "nginx: master process /usr/sbin/nginx -g daemon on; master_process on;"
             ├─8606 "nginx: worker process"
             ├─8607 "nginx: worker process"
             ├─8608 "nginx: worker process"
             ├─8609 "nginx: worker process"
             ├─8610 "nginx: worker process"
             ├─8611 "nginx: worker process"
             ├─8612 "nginx: worker process"
             └─8613 "nginx: worker process"

Dec 19 00:20:07 Mano systemd[1]: Starting nginx.service - A high performance web server and a reverse proxy server...
Dec 19 00:20:07 Mano systemd[1]: Started nginx.service - A high performance web server and a reverse proxy server.

== Métricas de Conexão do Nginx ==
Active connections: 1 
server accepts handled requests
 21 21 21 
Reading: 0 Writing: 1 Waiting: 0 

== Fim do Script ==
== Verificando o status do Nginx ==
Nginx está ativo.

== Status Detalhado do Nginx ==
● nginx.service - A high performance web server and a reverse proxy server
     Loaded: loaded (/usr/lib/systemd/system/nginx.service; enabled; preset: enabled)
     Active: active (running) since Thu 2024-12-19 00:20:07 -03; 19h ago
       Docs: man:nginx(8)
    Process: 8602 ExecStartPre=/usr/sbin/nginx -t -q -g daemon on; master_process on; (code=exited, status=0/SUCCESS)
    Process: 8603 ExecStart=/usr/sbin/nginx -g daemon on; master_process on; (code=exited, status=0/SUCCESS)
   Main PID: 8605 (nginx)
      Tasks: 9 (limit: 4563)
     Memory: 6.4M ()
     CGroup: /system.slice/nginx.service
             ├─8605 "nginx: master process /usr/sbin/nginx -g daemon on; master_process on;"
             ├─8606 "nginx: worker process"
             ├─8607 "nginx: worker process"
             ├─8608 "nginx: worker process"
             ├─8609 "nginx: worker process"
             ├─8610 "nginx: worker process"
             ├─8611 "nginx: worker process"
             ├─8612 "nginx: worker process"
             └─8613 "nginx: worker process"

Dec 19 00:20:07 Mano systemd[1]: Starting nginx.service - A high performance web server and a reverse proxy server...
Dec 19 00:20:07 Mano systemd[1]: Started nginx.service - A high performance web server and a reverse proxy server.

== Métricas de Conexão do Nginx ==
Active connections: 1 
server accepts handled requests
 22 22 22 
Reading: 0 Writing: 1 Waiting: 0 

== Fim do Script ==
== Verificando o status do Nginx ==
Nginx está ativo.

== Status Detalhado do Nginx ==
● nginx.service - A high performance web server and a reverse proxy server
     Loaded: loaded (/usr/lib/systemd/system/nginx.service; enabled; preset: enabled)
     Active: active (running) since Thu 2024-12-19 00:20:07 -03; 20h ago
       Docs: man:nginx(8)
    Process: 8602 ExecStartPre=/usr/sbin/nginx -t -q -g daemon on; master_process on; (code=exited, status=0/SUCCESS)
    Process: 8603 ExecStart=/usr/sbin/nginx -g daemon on; master_process on; (code=exited, status=0/SUCCESS)
   Main PID: 8605 (nginx)
      Tasks: 9 (limit: 4563)
     Memory: 6.4M ()
     CGroup: /system.slice/nginx.service
             ├─8605 "nginx: master process /usr/sbin/nginx -g daemon on; master_process on;"
             ├─8606 "nginx: worker process"
             ├─8607 "nginx: worker process"
             ├─8608 "nginx: worker process"
             ├─8609 "nginx: worker process"
             ├─8610 "nginx: worker process"
             ├─8611 "nginx: worker process"
             ├─8612 "nginx: worker process"
             └─8613 "nginx: worker process"

Dec 19 00:20:07 Mano systemd[1]: Starting nginx.service - A high performance web server and a reverse proxy server...
Dec 19 00:20:07 Mano systemd[1]: Started nginx.service - A high performance web server and a reverse proxy server.

== Métricas de Conexão do Nginx ==
Active connections: 1 
server accepts handled requests
 23 23 23 
Reading: 0 Writing: 1 Waiting: 0 

== Fim do Script ==
== Verificando o status do Nginx ==
Nginx está ativo.

== Status Detalhado do Nginx ==
● nginx.service - A high performance web server and a reverse proxy server
     Loaded: loaded (/usr/lib/systemd/system/nginx.service; enabled; preset: enabled)
     Active: active (running) since Thu 2024-12-19 00:20:07 -03; 21h ago
       Docs: man:nginx(8)
    Process: 8602 ExecStartPre=/usr/sbin/nginx -t -q -g daemon on; master_process on; (code=exited, status=0/SUCCESS)
    Process: 8603 ExecStart=/usr/sbin/nginx -g daemon on; master_process on; (code=exited, status=0/SUCCESS)
   Main PID: 8605 (nginx)
      Tasks: 9 (limit: 4563)
     Memory: 6.4M ()
     CGroup: /system.slice/nginx.service
             ├─8605 "nginx: master process /usr/sbin/nginx -g daemon on; master_process on;"
             ├─8606 "nginx: worker process"
             ├─8607 "nginx: worker process"
             ├─8608 "nginx: worker process"
             ├─8609 "nginx: worker process"
             ├─8610 "nginx: worker process"
             ├─8611 "nginx: worker process"
             ├─8612 "nginx: worker process"
             └─8613 "nginx: worker process"

Dec 19 00:20:07 Mano systemd[1]: Starting nginx.service - A high performance web server and a reverse proxy server...
Dec 19 00:20:07 Mano systemd[1]: Started nginx.service - A high performance web server and a reverse proxy server.

== Métricas de Conexão do Nginx ==
Active connections: 1 
server accepts handled requests
 24 24 24 
Reading: 0 Writing: 1 Waiting: 0 

== Fim do Script ==
== Verificando o status do Nginx ==
Nginx está ativo.

== Status Detalhado do Nginx ==
● nginx.service - A high performance web server and a reverse proxy server
     Loaded: loaded (/usr/lib/systemd/system/nginx.service; enabled; preset: enabled)
     Active: active (running) since Thu 2024-12-19 00:20:07 -03; 21h ago
       Docs: man:nginx(8)
    Process: 8602 ExecStartPre=/usr/sbin/nginx -t -q -g daemon on; master_process on; (code=exited, status=0/SUCCESS)
    Process: 8603 ExecStart=/usr/sbin/nginx -g daemon on; master_process on; (code=exited, status=0/SUCCESS)
   Main PID: 8605 (nginx)
      Tasks: 9 (limit: 4563)
     Memory: 6.4M ()
     CGroup: /system.slice/nginx.service
             ├─8605 "nginx: master process /usr/sbin/nginx -g daemon on; master_process on;"
             ├─8606 "nginx: worker process"
             ├─8607 "nginx: worker process"
             ├─8608 "nginx: worker process"
             ├─8609 "nginx: worker process"
             ├─8610 "nginx: worker process"
             ├─8611 "nginx: worker process"
             ├─8612 "nginx: worker process"
             └─8613 "nginx: worker process"

Dec 19 00:20:07 Mano systemd[1]: Starting nginx.service - A high performance web server and a reverse proxy server...
Dec 19 00:20:07 Mano systemd[1]: Started nginx.service - A high performance web server and a reverse proxy server.

== Métricas de Conexão do Nginx ==
Active connections: 1 
server accepts handled requests
 25 25 25 
Reading: 0 Writing: 1 Waiting: 0 

== Fim do Script ==
== Verificando o status do Nginx ==
Nginx está ativo.

== Status Detalhado do Nginx ==
● nginx.service - A high performance web server and a reverse proxy server
     Loaded: loaded (/usr/lib/systemd/system/nginx.service; enabled; preset: enabled)
     Active: active (running) since Thu 2024-12-19 00:20:07 -03; 21h ago
       Docs: man:nginx(8)
    Process: 8602 ExecStartPre=/usr/sbin/nginx -t -q -g daemon on; master_process on; (code=exited, status=0/SUCCESS)
    Process: 8603 ExecStart=/usr/sbin/nginx -g daemon on; master_process on; (code=exited, status=0/SUCCESS)
   Main PID: 8605 (nginx)
      Tasks: 9 (limit: 4563)
     Memory: 6.4M ()
     CGroup: /system.slice/nginx.service
             ├─8605 "nginx: master process /usr/sbin/nginx -g daemon on; master_process on;"
             ├─8606 "nginx: worker process"
             ├─8607 "nginx: worker process"
             ├─8608 "nginx: worker process"
             ├─8609 "nginx: worker process"
             ├─8610 "nginx: worker process"
             ├─8611 "nginx: worker process"
             ├─8612 "nginx: worker process"
             └─8613 "nginx: worker process"

Dec 19 00:20:07 Mano systemd[1]: Starting nginx.service - A high performance web server and a reverse proxy server...
Dec 19 00:20:07 Mano systemd[1]: Started nginx.service - A high performance web server and a reverse proxy server.

== Métricas de Conexão do Nginx ==
Active connections: 1 
server accepts handled requests
 26 26 26 
Reading: 0 Writing: 1 Waiting: 0 

== Fim do Script ==
== Verificando o status do Nginx ==
Nginx está ativo.

== Status Detalhado do Nginx ==
● nginx.service - A high performance web server and a reverse proxy server
     Loaded: loaded (/usr/lib/systemd/system/nginx.service; enabled; preset: enabled)
     Active: active (running) since Thu 2024-12-19 00:20:07 -03; 21h ago
       Docs: man:nginx(8)
    Process: 8602 ExecStartPre=/usr/sbin/nginx -t -q -g daemon on; master_process on; (code=exited, status=0/SUCCESS)
    Process: 8603 ExecStart=/usr/sbin/nginx -g daemon on; master_process on; (code=exited, status=0/SUCCESS)
   Main PID: 8605 (nginx)
      Tasks: 9 (limit: 4563)
     Memory: 6.4M ()
     CGroup: /system.slice/nginx.service
             ├─8605 "nginx: master process /usr/sbin/nginx -g daemon on; master_process on;"
             ├─8606 "nginx: worker process"
             ├─8607 "nginx: worker process"
             ├─8608 "nginx: worker process"
             ├─8609 "nginx: worker process"
             ├─8610 "nginx: worker process"
             ├─8611 "nginx: worker process"
             ├─8612 "nginx: worker process"
             └─8613 "nginx: worker process"

Dec 19 00:20:07 Mano systemd[1]: Starting nginx.service - A high performance web server and a reverse proxy server...
Dec 19 00:20:07 Mano systemd[1]: Started nginx.service - A high performance web server and a reverse proxy server.

== Métricas de Conexão do Nginx ==
Active connections: 1 
server accepts handled requests
 27 27 27 
Reading: 0 Writing: 1 Waiting: 0 

== Fim do Script ==
